2024-01-11 10:20:46,807 - CoverFoxInsurance -INFO - Clicking on Femail button
2024-01-11 10:35:48,225 - CoverFoxInsurance -INFO - Launching CoverFox
2024-01-11 10:35:51,455 - CoverFoxInsurance -INFO - Clicking on Femail button
2024-01-11 10:35:54,549 - CoverFoxInsurance -INFO - Clicking on next button
2024-01-11 10:35:59,335 - CoverFoxInsurance -INFO - Handaling dropdown
2024-01-11 10:36:02,573 - CoverFoxInsurance -INFO - Clicking on next button
2024-01-11 10:36:03,795 - CoverFoxInsurance -INFO - Enter Pincode
2024-01-11 10:36:04,293 - CoverFoxInsurance -INFO - Enter Mob. Number
2024-01-11 10:36:04,726 - CoverFoxInsurance -INFO - Clicking on continue button
2024-01-11 10:36:13,049 - CoverFoxInsurance -INFO - Fetching result from text
2024-01-11 10:36:18,171 - CoverFoxInsurance -INFO - Fetching result from banner
2024-01-11 10:36:21,336 - CoverFoxInsurance -INFO - TC is Pass both are equal
2024-01-11 10:36:24,481 - CoverFoxInsurance -INFO - TC is Pass sort plan is present
2024-01-11 10:36:39,928 - CoverFoxInsurance -INFO - Closing the Browser
2024-01-11 10:40:53,171 - CoverFoxInsurance -INFO - Launching CoverFox
2024-01-11 10:40:56,699 - CoverFoxInsurance -INFO - Clicking on Femail button
2024-01-11 10:41:03,727 - CoverFoxInsurance -INFO - Clicking on next button
2024-01-11 10:41:06,224 - CoverFoxInsurance -INFO - Handeling drop down
2024-01-11 10:41:11,545 - CoverFoxInsurance -INFO - Clicking on next button
2024-01-11 10:41:12,759 - CoverFoxInsurance -INFO - Enter Pin code
2024-01-11 10:41:13,863 - CoverFoxInsurance -INFO - Enter Mob. Number
2024-01-11 10:41:14,588 - CoverFoxInsurance -INFO - Clicking on continue button
2024-01-11 10:41:23,020 - CoverFoxInsurance -INFO - Fetching result from text
2024-01-11 10:41:28,185 - CoverFoxInsurance -INFO - Fetching result from banner
2024-01-11 10:41:31,367 - CoverFoxInsurance -INFO - TC is Pass both are equal
2024-01-11 10:41:34,549 - CoverFoxInsurance -INFO - TC is Pass sort plan is present
2024-01-11 10:41:50,475 - CoverFoxInsurance -INFO - Closing the Browser
2024-01-11 10:45:36,441 - CoverFoxInsurance -INFO - Launching CoverFox
2024-01-11 10:45:41,302 - CoverFoxInsurance -INFO - Clicking on Femail button
2024-01-11 10:45:48,492 - CoverFoxInsurance -INFO - Clicking on next button
2024-01-18 14:23:51,717 - CoverFoxInsurance -INFO - Launching CoverFox
2024-01-18 14:23:54,973 - CoverFoxInsurance -INFO - Clicking on Femail button
2024-01-18 14:24:04,537 - CoverFoxInsurance -INFO - Clicking on next button
2024-01-18 14:24:08,652 - CoverFoxInsurance -INFO - Handeling drop down
2024-01-18 14:24:18,014 - CoverFoxInsurance -INFO - Clicking on next button
2024-01-18 14:24:19,265 - CoverFoxInsurance -INFO - Enter Pin code
2024-01-18 14:24:20,454 - CoverFoxInsurance -INFO - Enter Mob. Number
2024-01-18 14:24:21,222 - CoverFoxInsurance -INFO - Clicking on continue button
2024-01-18 14:24:29,763 - CoverFoxInsurance -INFO - Fetching result from text
2024-01-18 14:24:36,218 - CoverFoxInsurance -INFO - Fetching result from banner
2024-01-18 14:24:39,369 - CoverFoxInsurance -INFO - TC is Pass both are equal
2024-01-18 14:24:42,534 - CoverFoxInsurance -INFO - TC is Pass sort plan is present
2024-01-18 14:24:58,026 - CoverFoxInsurance -INFO - Closing the Browser
2024-01-18 15:17:17,300 - CoverFoxInsurance -INFO - Launching CoverFox
2024-01-18 15:17:20,566 - CoverFoxInsurance -INFO - Clicking on Femail button
2024-01-18 15:17:22,866 - CoverFoxInsurance -INFO - Clicking on next button
2024-01-18 15:17:25,942 - CoverFoxInsurance -INFO - Handeling drop down
2024-01-18 15:17:33,239 - CoverFoxInsurance -INFO - Clicking on next button
2024-01-18 15:17:34,442 - CoverFoxInsurance -INFO - Enter Pin code
2024-01-18 15:17:35,157 - CoverFoxInsurance -INFO - Enter Mob. Number
2024-01-18 15:17:35,724 - CoverFoxInsurance -INFO - Clicking on continue button
2024-01-18 15:17:44,184 - CoverFoxInsurance -INFO - Fetching result from text
2024-01-18 15:17:49,399 - CoverFoxInsurance -INFO - Fetching result from banner
2024-01-18 15:17:52,524 - CoverFoxInsurance -INFO - TC is Pass both are equal
2024-01-18 15:17:55,771 - CoverFoxInsurance -INFO - TC is Pass sort plan is present
2024-01-18 15:18:11,338 - CoverFoxInsurance -INFO - Closing the Browser
2024-01-20 13:19:57,647 - CoverFoxInsurance -INFO - Launching CoverFox
2024-01-20 13:20:01,808 - CoverFoxInsurance -INFO - Clicking on Femail button
2024-01-20 13:20:05,253 - CoverFoxInsurance -INFO - Clicking on next button
2024-01-20 13:20:06,830 - CoverFoxInsurance -INFO - Handeling drop down
2024-01-20 13:20:11,082 - CoverFoxInsurance -INFO - Clicking on next button
2024-01-20 13:20:12,243 - CoverFoxInsurance -INFO - Enter Pin code
2024-01-20 13:20:12,787 - CoverFoxInsurance -INFO - Enter Mob. Number
2024-01-20 13:20:13,260 - CoverFoxInsurance -INFO - Clicking on continue button
2024-01-20 13:20:21,566 - CoverFoxInsurance -INFO - Fetching result from text
2024-01-20 13:20:26,706 - CoverFoxInsurance -INFO - Fetching result from banner
2024-01-20 13:20:29,788 - CoverFoxInsurance -INFO - TC is Pass both are equal
2024-01-20 13:20:33,352 - CoverFoxInsurance -INFO - TC is Pass sort plan is present
2024-01-20 13:20:49,100 - CoverFoxInsurance -INFO - Closing the Browser
2024-01-20 13:45:31,397 - CoverFoxInsurance -INFO - Launching CoverFox
2024-01-20 13:45:34,720 - CoverFoxInsurance -INFO - Clicking on Femail button
2024-01-20 13:45:39,316 - CoverFoxInsurance -INFO - Clicking on next button
2024-01-20 13:45:50,849 - CoverFoxInsurance -INFO - Handeling drop down
2024-01-20 13:45:57,151 - CoverFoxInsurance -INFO - Clicking on next button
2024-01-20 13:45:58,964 - CoverFoxInsurance -INFO - Enter Pin code
2024-01-20 13:46:00,270 - CoverFoxInsurance -INFO - Enter Mob. Number
2024-01-20 13:46:01,405 - CoverFoxInsurance -INFO - Clicking on continue button
2024-01-20 13:46:10,139 - CoverFoxInsurance -INFO - Fetching result from text
2024-01-20 13:46:15,698 - CoverFoxInsurance -INFO - Fetching result from banner
2024-01-20 13:46:18,983 - CoverFoxInsurance -INFO - TC is Pass both are equal
2024-01-20 13:46:22,322 - CoverFoxInsurance -INFO - TC is Pass sort plan is present
2024-01-20 13:46:37,995 - CoverFoxInsurance -INFO - Closing the Browser
